Building DAG of jobs...
Using shell: /usr/bin/bash
Provided cores: 6
Rules claiming more threads will be scaled down.
Job counts:
	count	jobs
	1	Clustering
	1	DF
	1	Preprocess
	1	Projection
	1	all
	5

[Mon Aug  3 14:51:15 2020]
rule Preprocess:
    input: /home/users/dkyriakis/PhD/Projects/Yahaya/1.QC/QC_list_data.rds
    output: /home/users/dkyriakis/PhD/Projects/Yahaya/2.Preprocess/Fl_QC_list_data.rds
    jobid: 2

[Mon Aug  3 15:02:28 2020]
Error in rule Preprocess:
    jobid: 2
    output: /home/users/dkyriakis/PhD/Projects/Yahaya/2.Preprocess/Fl_QC_list_data.rds
    shell:
        Rscript 2.preproces.R
        (one of the commands exited with non-zero exit code; note that snakemake uses bash strict mode!)

Shutting down, this might take some time.
Exiting because a job execution failed. Look above for error message
Complete log: /mnt/irisgpfs/users/dkyriakis/PhD/Projects/Yahaya/Scripts/.snakemake/log/2020-08-03T145115.330393.snakemake.log
