Building DAG of jobs...
Using shell: /usr/bin/bash
Provided cores: 6
Rules claiming more threads will be scaled down.
Job counts:
	count	jobs
	1	Clustering
	1	DF
	1	Preprocess
	1	Projection
	1	ReadFiles
	1	all
	6

[Mon Aug  3 14:20:36 2020]
rule ReadFiles:
    input: /work/projects/esprit/Dropseq_projects/LIH2/new/mouse/counts/
    output: /home/users/dkyriakis/PhD/Projects/Yahaya/1.QC/QC_list_data.rds
    jobid: 1

[Mon Aug  3 14:38:54 2020]
Finished job 1.
1 of 6 steps (17%) done

[Mon Aug  3 14:38:54 2020]
rule Preprocess:
    input: /home/users/dkyriakis/PhD/Projects/Yahaya/1.QC/QC_list_data.rds
    output: /home/users/dkyriakis/PhD/Projects/Yahaya/2.Preprocess/Fl_QC_list_data.rds
    jobid: 2

